<?xml version="1.0" encoding="UTF-8"?>
<!-- Generated by org.testng.reporters.JUnitReportReporter -->
<testsuite hostname="pl1inpun0115NB" failures="0" tests="1" name="MavenAssignments.MavenJava.TryJSON" time="13.663" errors="0" timestamp="2021-07-17T17:05:05 IST" skipped="0">
  <testcase classname="MavenAssignments.MavenJava.TryJSON" name="Run" time="13.663"/>
  <system-out/>
</testsuite> <!-- MavenAssignments.MavenJava.TryJSON -->
