<?xml version="1.0" encoding="UTF-8"?>
<!-- Generated by org.testng.reporters.JUnitReportReporter -->
<testsuite hostname="pl1inpun0115NB" failures="0" tests="1" name="MavenAssignments.MavenJava.TestNGTest" time="0.012" errors="0" timestamp="2021-06-26T14:19:23 IST" skipped="0">
  <testcase classname="MavenAssignments.MavenJava.TestNGTest" name="Test1" time="0.012"/>
  <system-out/>
</testsuite> <!-- MavenAssignments.MavenJava.TestNGTest -->
