<?xml version="1.0" encoding="UTF-8"?>
<!-- Generated by org.testng.reporters.JUnitReportReporter -->
<testsuite hostname="pl1inpun0115NB" failures="0" tests="1" name="MavenAssignments.MavenJava.OcrDetails_POMWay" time="27.112" errors="0" timestamp="2021-07-18T15:30:47 IST" skipped="0">
  <testcase classname="MavenAssignments.MavenJava.OcrDetails_POMWay" name="Login" time="27.112"/>
  <system-out/>
</testsuite> <!-- MavenAssignments.MavenJava.OcrDetails_POMWay -->
