<?xml version="1.0" encoding="UTF-8"?>
<!-- Generated by org.testng.reporters.JUnitReportReporter -->
<testsuite hostname="pl1inpun0115NB" failures="0" tests="1" name="MavenAssignments.MavenJava.RunTest" time="0.019" errors="0" timestamp="2021-07-17T16:35:02 IST" skipped="0">
  <testcase classname="MavenAssignments.MavenJava.RunTest" name="Run" time="0.019"/>
  <system-out/>
</testsuite> <!-- MavenAssignments.MavenJava.RunTest -->
